app is listening at port 3000
[ 'https://cnodejs.org/topic/580ddc2eeae2a24f34e67e69',
  'https://cnodejs.org/topic/57ea257b3670ca3f44c5beb6',
  'https://cnodejs.org/topic/581026cceae2a24f34e67f0a',
  'https://cnodejs.org/topic/580eb6fbb37ee8fb339787b0',
  'https://cnodejs.org/topic/580495a50bab808265185e86',
  'https://cnodejs.org/topic/58144f81cf18d0333412d2bf',
  'https://cnodejs.org/topic/58147088cf18d0333412d2ca',
  'https://cnodejs.org/topic/5804b41b0bab808265185e8d',
  'https://cnodejs.org/topic/58146675cf18d0333412d2c8',
  'https://cnodejs.org/topic/5812f99bb37ee8fb339788c9',
  'https://cnodejs.org/topic/58145d89eae2a24f34e68038',
  'https://cnodejs.org/topic/5814423eb37ee8fb3397890a',
  'https://cnodejs.org/topic/580a2996ad3bda6150ea42e1',
  'https://cnodejs.org/topic/58115d4db37ee8fb3397885a',
  'https://cnodejs.org/topic/5812e079b37ee8fb339788c1',
  'https://cnodejs.org/topic/57ec696a6ab98805449b9580',
  'https://cnodejs.org/topic/57ce3ce48039ce1247697983',
  'https://cnodejs.org/topic/57c552839b447b634391c83b',
  'https://cnodejs.org/topic/57f5cd82d547294d6a47081e',
  'https://cnodejs.org/topic/508834ee65e98a980983b3d2',
  'https://cnodejs.org/topic/58140b1bcf18d0333412d2b0',
  'https://cnodejs.org/topic/581171e3b37ee8fb3397886e',
  'https://cnodejs.org/topic/5813d794b37ee8fb339788f1',
  'https://cnodejs.org/topic/55531a00b8ec4ac201f117d6',
  'https://cnodejs.org/topic/58140676b37ee8fb339788f7',
  'https://cnodejs.org/topic/581094f1b37ee8fb3397883d',
  'https://cnodejs.org/topic/5805ecdd487e1e4578afb5f6',
  'https://cnodejs.org/topic/56d8eac2c0fa23473d005f5f',
  'https://cnodejs.org/topic/580d52aceae2a24f34e67e23',
  'https://cnodejs.org/topic/580d7f6db37ee8fb3397874d',
  'https://cnodejs.org/topic/5812f3161a9a7d990953120c',
  'https://cnodejs.org/topic/58134783b37ee8fb339788e2',
  'https://cnodejs.org/topic/575fb2ffe8689e7906af7367',
  'https://cnodejs.org/topic/579b789441404b052be5da06',
  'https://cnodejs.org/topic/5811c48aeae2a24f34e67fa4',
  'https://cnodejs.org/topic/5810631b1a9a7d9909531159',
  'https://cnodejs.org/topic/57247b375a26c4a841ecbf1b',
  'https://cnodejs.org/topic/5812c17eeae2a24f34e67fea',
  'https://cnodejs.org/topic/51dccb43d44cbfa3042752c8',
  'https://cnodejs.org/topic/58130a35eae2a24f34e6800f' ]
current concurrency amount:  1 , fetch  https://cnodejs.org/topic/580ddc2eeae2a24f34e67e69
current concurrency amount:  2 , fetch  https://cnodejs.org/topic/57ea257b3670ca3f44c5beb6
current concurrency amount:  3 , fetch  https://cnodejs.org/topic/581026cceae2a24f34e67f0a
current concurrency amount:  4 , fetch  https://cnodejs.org/topic/580eb6fbb37ee8fb339787b0
current concurrency amount:  5 , fetch  https://cnodejs.org/topic/580495a50bab808265185e86
fetch https://cnodejs.org/topic/580eb6fbb37ee8fb339787b0 successful
fetch https://cnodejs.org/topic/581026cceae2a24f34e67f0a successful
fetch https://cnodejs.org/topic/58146675cf18d0333412d2c8 successful
fetch https://cnodejs.org/topic/57c552839b447b634391c83b successful
fetch https://cnodejs.org/topic/58140b1bcf18d0333412d2b0 successful
fetch https://cnodejs.org/topic/57ec696a6ab98805449b9580 successful
fetch https://cnodejs.org/topic/580495a50bab808265185e86 successful
fetch https://cnodejs.org/topic/58115d4db37ee8fb3397885a successful
fetch https://cnodejs.org/topic/57ce3ce48039ce1247697983 successful
fetch https://cnodejs.org/topic/57f5cd82d547294d6a47081e successful
fetch https://cnodejs.org/topic/58144f81cf18d0333412d2bf successful
fetch https://cnodejs.org/topic/55531a00b8ec4ac201f117d6 successful
fetch https://cnodejs.org/topic/5805ecdd487e1e4578afb5f6 successful
fetch https://cnodejs.org/topic/58140676b37ee8fb339788f7 successful
fetch https://cnodejs.org/topic/5812f3161a9a7d990953120c successful
fetch https://cnodejs.org/topic/581171e3b37ee8fb3397886e successful
fetch https://cnodejs.org/topic/5813d794b37ee8fb339788f1 successful
fetch https://cnodejs.org/topic/56d8eac2c0fa23473d005f5f successful
fetch https://cnodejs.org/topic/580d7f6db37ee8fb3397874d successful
fetch https://cnodejs.org/topic/58134783b37ee8fb339788e2 successful
fetch https://cnodejs.org/topic/5812c17eeae2a24f34e67fea successful
fetch https://cnodejs.org/topic/5811c48aeae2a24f34e67fa4 successful
fetch https://cnodejs.org/topic/57247b375a26c4a841ecbf1b successful
fetch  https://cnodejs.org/topic/580ddc2eeae2a24f34e67e69  end
current concurrency amount:  6 , fetch  https://cnodejs.org/topic/58144f81cf18d0333412d2bf
fetch https://cnodejs.org/topic/580d52aceae2a24f34e67e23 successful
fetch https://cnodejs.org/topic/575fb2ffe8689e7906af7367 successful
fetch https://cnodejs.org/topic/5810631b1a9a7d9909531159 successful
fetch https://cnodejs.org/topic/579b789441404b052be5da06 successful
fetch  https://cnodejs.org/topic/580495a50bab808265185e86  end
current concurrency amount:  7 , fetch  https://cnodejs.org/topic/58147088cf18d0333412d2ca
fetch  https://cnodejs.org/topic/580eb6fbb37ee8fb339787b0  end
current concurrency amount:  8 , fetch  https://cnodejs.org/topic/5804b41b0bab808265185e8d
fetch https://cnodejs.org/topic/51dccb43d44cbfa3042752c8 successful
fetch https://cnodejs.org/topic/58130a35eae2a24f34e6800f successful
fetch  https://cnodejs.org/topic/57ea257b3670ca3f44c5beb6  end
current concurrency amount:  9 , fetch  https://cnodejs.org/topic/58146675cf18d0333412d2c8
fetch  https://cnodejs.org/topic/581026cceae2a24f34e67f0a  end
current concurrency amount:  10 , fetch  https://cnodejs.org/topic/5812f99bb37ee8fb339788c9
fetch https://cnodejs.org/topic/58147088cf18d0333412d2ca successful
fetch https://cnodejs.org/topic/5804b41b0bab808265185e8d successful
fetch  https://cnodejs.org/topic/5812f99bb37ee8fb339788c9  end
current concurrency amount:  11 , fetch  https://cnodejs.org/topic/58145d89eae2a24f34e68038
fetch  https://cnodejs.org/topic/5804b41b0bab808265185e8d  end
current concurrency amount:  12 , fetch  https://cnodejs.org/topic/5814423eb37ee8fb3397890a
fetch  https://cnodejs.org/topic/58147088cf18d0333412d2ca  end
current concurrency amount:  13 , fetch  https://cnodejs.org/topic/580a2996ad3bda6150ea42e1
fetch https://cnodejs.org/topic/5812f99bb37ee8fb339788c9 successful
fetch  https://cnodejs.org/topic/580a2996ad3bda6150ea42e1  end
current concurrency amount:  14 , fetch  https://cnodejs.org/topic/58115d4db37ee8fb3397885a
fetch  https://cnodejs.org/topic/58145d89eae2a24f34e68038  end
current concurrency amount:  15 , fetch  https://cnodejs.org/topic/5812e079b37ee8fb339788c1
fetch https://cnodejs.org/topic/58145d89eae2a24f34e68038 successful
fetch https://cnodejs.org/topic/57ea257b3670ca3f44c5beb6 successful
fetch https://cnodejs.org/topic/580ddc2eeae2a24f34e67e69 successful
fetch https://cnodejs.org/topic/580a2996ad3bda6150ea42e1 successful
fetch https://cnodejs.org/topic/5812e079b37ee8fb339788c1 successful
fetch https://cnodejs.org/topic/5814423eb37ee8fb3397890a successful
fetch https://cnodejs.org/topic/508834ee65e98a980983b3d2 successful
fetch https://cnodejs.org/topic/581094f1b37ee8fb3397883d successful
eventproxy final: 
[ { title: '置顶\n\n\n\n        ［ 北京］11月6日 NodeParty@科技寺，报名从速 !',
    href: 'https://cnodejs.org/topic/580eb6fbb37ee8fb339787b0',
    comment1: '@Samurais 图片全挂了' },
  { title: '置顶\n\n\n\n        【Node全栈】升级为CNode官方公众号，招收喜欢运营的小伙伴',
    href: 'https://cnodejs.org/topic/581026cceae2a24f34e67f0a',
    comment1: '顶。貌似狼叔工作不顺心，希望好起来。' },
  { title: '',
    href: 'https://cnodejs.org/topic/58146675cf18d0333412d2c8',
    comment1: '' },
  { title: '',
    href: 'https://cnodejs.org/topic/57c552839b447b634391c83b',
    comment1: '' },
  { title: '',
    href: 'https://cnodejs.org/topic/58140b1bcf18d0333412d2b0',
    comment1: '' },
  { title: '',
    href: 'https://cnodejs.org/topic/57ec696a6ab98805449b9580',
    comment1: '' },
  { title: '',
    href: 'https://cnodejs.org/topic/580495a50bab808265185e86',
    comment1: '' },
  { title: '',
    href: 'https://cnodejs.org/topic/58115d4db37ee8fb3397885a',
    comment1: '' },
  { title: '',
    href: 'https://cnodejs.org/topic/57ce3ce48039ce1247697983',
    comment1: '' },
  { title: '',
    href: 'https://cnodejs.org/topic/57f5cd82d547294d6a47081e',
    comment1: '' },
  { title: 'vue 如何和 nodejs 前后端结合？',
    href: 'https://cnodejs.org/topic/58144f81cf18d0333412d2bf',
    comment1: '前后端完全分离，分别部署，Vue部分通过API接口调用Express的服务就行' },
  { title: '',
    href: 'https://cnodejs.org/topic/55531a00b8ec4ac201f117d6',
    comment1: '' },
  { title: '',
    href: 'https://cnodejs.org/topic/5805ecdd487e1e4578afb5f6',
    comment1: '' },
  { title: '',
    href: 'https://cnodejs.org/topic/58140676b37ee8fb339788f7',
    comment1: '' },
  { title: '',
    href: 'https://cnodejs.org/topic/5812f3161a9a7d990953120c',
    comment1: '' },
  { title: '',
    href: 'https://cnodejs.org/topic/581171e3b37ee8fb3397886e',
    comment1: '' },
  { title: '',
    href: 'https://cnodejs.org/topic/5813d794b37ee8fb339788f1',
    comment1: '' },
  { title: '',
    href: 'https://cnodejs.org/topic/56d8eac2c0fa23473d005f5f',
    comment1: '' },
  { title: '',
    href: 'https://cnodejs.org/topic/580d7f6db37ee8fb3397874d',
    comment1: '' },
  { title: '',
    href: 'https://cnodejs.org/topic/58134783b37ee8fb339788e2',
    comment1: '' },
  { title: '',
    href: 'https://cnodejs.org/topic/5812c17eeae2a24f34e67fea',
    comment1: '' },
  { title: '',
    href: 'https://cnodejs.org/topic/5811c48aeae2a24f34e67fa4',
    comment1: '' },
  { title: '',
    href: 'https://cnodejs.org/topic/57247b375a26c4a841ecbf1b',
    comment1: '' },
  { title: '',
    href: 'https://cnodejs.org/topic/580d52aceae2a24f34e67e23',
    comment1: '' },
  { title: '',
    href: 'https://cnodejs.org/topic/575fb2ffe8689e7906af7367',
    comment1: '' },
  { title: '',
    href: 'https://cnodejs.org/topic/5810631b1a9a7d9909531159',
    comment1: '' },
  { title: '',
    href: 'https://cnodejs.org/topic/579b789441404b052be5da06',
    comment1: '' },
  { title: '',
    href: 'https://cnodejs.org/topic/51dccb43d44cbfa3042752c8',
    comment1: '' },
  { title: '',
    href: 'https://cnodejs.org/topic/58130a35eae2a24f34e6800f',
    comment1: '' },
  { title: '问个关于 node 和 mongoose 的查询问题。',
    href: 'https://cnodejs.org/topic/58147088cf18d0333412d2ca',
    comment1: '' },
  { title: '社区在用的编辑器叫啥？',
    href: 'https://cnodejs.org/topic/5804b41b0bab808265185e8d',
    comment1: 'https://github.com/lepture/editor' },
  { title: 'node岗位减少好多，大java稳坐钓鱼台',
    href: 'https://cnodejs.org/topic/5812f99bb37ee8fb339788c9',
    comment1: '我感觉 如果没有几个国内的大型公司将node作为核心后端开发语言   node的人数就不会多。' },
  { title: '// 新手求解惑 使用fetch发起请求时，koa-session无法设置和访问',
    href: 'https://cnodejs.org/topic/58145d89eae2a24f34e68038',
    comment1: '' },
  { title: '置顶\n\n\n\n        分享我用cnode社区api做微信小应用的入门过程',
    href: 'https://cnodejs.org/topic/57ea257b3670ca3f44c5beb6',
    comment1: '这个可以给精华了' },
  { title: '置顶\n\n\n\n        这，就是技术人的江湖',
    href: 'https://cnodejs.org/topic/580ddc2eeae2a24f34e67e69',
    comment1: '顶狼叔' },
  { title: '大家说工程师怎么创业？',
    href: 'https://cnodejs.org/topic/580a2996ad3bda6150ea42e1',
    comment1: '那有什么？' },
  { title: '用hexo搞了个博客，大家没事可以捧捧场看看。',
    href: 'https://cnodejs.org/topic/5812e079b37ee8fb339788c1',
    comment1: '链接挂了' },
  { title: '微信小程序+MEAN = 一个人搞定一个公司所有需求？',
    href: 'https://cnodejs.org/topic/5814423eb37ee8fb3397890a',
    comment1: '宇宙端' },
  { title: '[问题]Mongoose如何实现统计查询、关联查询',
    href: 'https://cnodejs.org/topic/508834ee65e98a980983b3d2',
    comment1: '我遇到过。。统计查询的。后来解决办法是，扫库之后重新加了个总数的字段，每次更新都对字段进行+=操作。需要总数就取总数了。。速度还最快。。\n小应用用mapreduce吧。不过效率挺低的了。还是做增量好些。。无论啥数据库- -。' },
  { title: 'cnode 开源论坛 github 授权登录出错',
    href: 'https://cnodejs.org/topic/581094f1b37ee8fb3397883d',
    comment1: '求助' } ]
fetch  https://cnodejs.org/topic/58146675cf18d0333412d2c8  end
current concurrency amount:  16 , fetch  https://cnodejs.org/topic/57ec696a6ab98805449b9580
fetch  https://cnodejs.org/topic/58144f81cf18d0333412d2bf  end
current concurrency amount:  17 , fetch  https://cnodejs.org/topic/57ce3ce48039ce1247697983
fetch  https://cnodejs.org/topic/5814423eb37ee8fb3397890a  end
current concurrency amount:  18 , fetch  https://cnodejs.org/topic/57c552839b447b634391c83b
fetch  https://cnodejs.org/topic/58115d4db37ee8fb3397885a  end
current concurrency amount:  19 , fetch  https://cnodejs.org/topic/57f5cd82d547294d6a47081e
fetch  https://cnodejs.org/topic/5812e079b37ee8fb339788c1  end
current concurrency amount:  20 , fetch  https://cnodejs.org/topic/508834ee65e98a980983b3d2
fetch  https://cnodejs.org/topic/57ec696a6ab98805449b9580  end
current concurrency amount:  21 , fetch  https://cnodejs.org/topic/58140b1bcf18d0333412d2b0
fetch  https://cnodejs.org/topic/57ce3ce48039ce1247697983  end
current concurrency amount:  22 , fetch  https://cnodejs.org/topic/581171e3b37ee8fb3397886e
fetch  https://cnodejs.org/topic/57c552839b447b634391c83b  end
current concurrency amount:  23 , fetch  https://cnodejs.org/topic/5813d794b37ee8fb339788f1
fetch  https://cnodejs.org/topic/57f5cd82d547294d6a47081e  end
current concurrency amount:  24 , fetch  https://cnodejs.org/topic/55531a00b8ec4ac201f117d6
fetch  https://cnodejs.org/topic/508834ee65e98a980983b3d2  end
current concurrency amount:  25 , fetch  https://cnodejs.org/topic/58140676b37ee8fb339788f7
fetch  https://cnodejs.org/topic/58140b1bcf18d0333412d2b0  end
current concurrency amount:  26 , fetch  https://cnodejs.org/topic/581094f1b37ee8fb3397883d
fetch  https://cnodejs.org/topic/581171e3b37ee8fb3397886e  end
current concurrency amount:  27 , fetch  https://cnodejs.org/topic/5805ecdd487e1e4578afb5f6
fetch  https://cnodejs.org/topic/5813d794b37ee8fb339788f1  end
current concurrency amount:  28 , fetch  https://cnodejs.org/topic/56d8eac2c0fa23473d005f5f
fetch  https://cnodejs.org/topic/58140676b37ee8fb339788f7  end
current concurrency amount:  29 , fetch  https://cnodejs.org/topic/580d52aceae2a24f34e67e23
fetch  https://cnodejs.org/topic/55531a00b8ec4ac201f117d6  end
current concurrency amount:  30 , fetch  https://cnodejs.org/topic/580d7f6db37ee8fb3397874d
fetch  https://cnodejs.org/topic/581094f1b37ee8fb3397883d  end
current concurrency amount:  31 , fetch  https://cnodejs.org/topic/5812f3161a9a7d990953120c
fetch  https://cnodejs.org/topic/5805ecdd487e1e4578afb5f6  end
current concurrency amount:  32 , fetch  https://cnodejs.org/topic/58134783b37ee8fb339788e2
fetch  https://cnodejs.org/topic/56d8eac2c0fa23473d005f5f  end
current concurrency amount:  33 , fetch  https://cnodejs.org/topic/575fb2ffe8689e7906af7367
fetch  https://cnodejs.org/topic/580d52aceae2a24f34e67e23  end
current concurrency amount:  34 , fetch  https://cnodejs.org/topic/579b789441404b052be5da06
fetch  https://cnodejs.org/topic/580d7f6db37ee8fb3397874d  end
current concurrency amount:  35 , fetch  https://cnodejs.org/topic/5811c48aeae2a24f34e67fa4
fetch  https://cnodejs.org/topic/5812f3161a9a7d990953120c  end
current concurrency amount:  36 , fetch  https://cnodejs.org/topic/5810631b1a9a7d9909531159
fetch  https://cnodejs.org/topic/58134783b37ee8fb339788e2  end
current concurrency amount:  37 , fetch  https://cnodejs.org/topic/57247b375a26c4a841ecbf1b
fetch  https://cnodejs.org/topic/579b789441404b052be5da06  end
current concurrency amount:  38 , fetch  https://cnodejs.org/topic/5812c17eeae2a24f34e67fea
fetch  https://cnodejs.org/topic/575fb2ffe8689e7906af7367  end
current concurrency amount:  39 , fetch  https://cnodejs.org/topic/51dccb43d44cbfa3042752c8
fetch  https://cnodejs.org/topic/5811c48aeae2a24f34e67fa4  end
current concurrency amount:  40 , fetch  https://cnodejs.org/topic/58130a35eae2a24f34e6800f
fetch  https://cnodejs.org/topic/5810631b1a9a7d9909531159  end
fetch  https://cnodejs.org/topic/57247b375a26c4a841ecbf1b  end
fetch  https://cnodejs.org/topic/51dccb43d44cbfa3042752c8  end
fetch  https://cnodejs.org/topic/5812c17eeae2a24f34e67fea  end
fetch  https://cnodejs.org/topic/58130a35eae2a24f34e6800f  end
async final: 
{ parse: [Function: urlParse],
  resolve: [Function: urlResolve],
  resolveObject: [Function: urlResolveObject],
  format: [Function: urlFormat],
  Url: [Function: Url] } ' html content: ' [ { title: '' },
  { title: '' },
  { title: '' },
  { title: '' },
  { title: '' },
  { title: 'vue 如何和 nodejs 前后端结合？' },
  { title: '' },
  { title: '' },
  { title: '大家在用node解释或者封装二进制数据时，一般怎么样可以便捷一点？' },
  { title: '' },
  { title: '' },
  { title: '微信小程序+MEAN = 一个人搞定一个公司所有需求？' },
  { title: '' },
  { title: 'wxParse version0.1正式发布-全面支持微信小程序富文本html及markdown动态解析' },
  { title: '用hexo搞了个博客，大家没事可以捧捧场看看。' },
  { title: '昨天直播的微信小程序文档' },
  { title: '第一弹 koahub-loader KoaHub.js -- 基于 Koa.js 平台的 Node.js web 快速开发框架' },
  { title: 'socket.io报错 谁遇到过？' },
  { title: '新人做了一个cnodejs的桌面客户端，欢迎大家指点' },
  { title: '[问题]Mongoose如何实现统计查询、关联查询' },
  { title: '几个koa模块的使用（koa-swig、co-view）' },
  { title: '全栈移动商城技术架构分享' },
  { title: '把Koa 2.x写的跟express一样' },
  { title: '你为什么选择NODEJS？国内目前有哪些用NODEJS的大型项目？' },
  { title: 'lesson4: 《使用 Modernizr 对浏览器进行 HTML5 和 CSS3 功能检测》' },
  { title: 'cnode 开源论坛 github 授权登录出错' },
  { title: 'mongoose中schema的setting' },
  { title: '用node.js进行微信公众平台的开发' },
  { title: '推荐一下小巧，实用的node模块' },
  { title: '关于mongoose的关联问题' },
  { title: '微信小程序 video m3u8如何转化为可播放的video形式' },
  { title: '使用Windows server监听80端口报错Port 80 requires elevated privileges' },
  { title: 'CNodeRN又一个CNode React-Native App' },
  { title: '最近接触了Vue 和 React 兴致的做了几期快速入手的分享视频' },
  { title: '用cluster的master可以共享多个worker的全局数据吗？' },
  { title: 'webpack + vue 开发涉及到的包' },
  { title: 'react页面，后端是php，如何做seo？' },
  { title: 'nodejs后端有什么方法可以产生大量socket.io的请求' },
  { title: 'Node.js express 跨域问题' },
  { title: '为什么安装express框架后依旧提示不是内部命令' } ]
